# Logfile created on 2014-05-19 10:23:16 +0800 by logger.rb/41954
I, [2014-05-19T10:23:16.562475 #23747]  INFO -- : 2:  tilt (1.4.1) from /Users/kevon/.rbenv/versions/2.0.0-p353/lib/ruby/gems/2.0.0/specifications/tilt-1.4.1.gemspec
I, [2014-05-19T10:23:16.562628 #23746]  INFO -- : 1:  bundler (1.5.1) from /Users/kevon/.rbenv/versions/2.0.0-p353/lib/ruby/gems/2.0.0/specifications/bundler-1.5.1.gemspec
I, [2014-05-19T10:23:16.563038 #23745]  INFO -- : 0:  rack (1.5.2) from /Users/kevon/.rbenv/versions/2.0.0-p353/lib/ruby/gems/2.0.0/specifications/rack-1.5.2.gemspec
I, [2014-05-19T10:23:16.564131 #23747]  INFO -- : 2:  rack-protection (1.5.3) from /Users/kevon/.rbenv/versions/2.0.0-p353/lib/ruby/gems/2.0.0/specifications/rack-protection-1.5.3.gemspec
I, [2014-05-19T10:23:16.564163 #23746]  INFO -- : 1:  puma (2.8.2) from /Users/kevon/.rbenv/versions/2.0.0-p353/lib/ruby/gems/2.0.0/specifications/puma-2.8.2.gemspec
I, [2014-05-19T10:23:16.564797 #23745]  INFO -- : 0:  sinatra (1.4.5) from /Users/kevon/.rbenv/versions/2.0.0-p353/lib/ruby/gems/2.0.0/specifications/sinatra-1.4.5.gemspec
I, [2014-05-19T10:26:23.156391 #28592]  INFO -- : 1:  unf_ext (0.0.6) from /Users/kevon/.rbenv/versions/2.0.0-p353/lib/ruby/gems/2.0.0/specifications/unf_ext-0.0.6.gemspec
I, [2014-05-19T10:26:25.178214 #28593]  INFO -- : 2:  net-http-digest_auth (1.4) from /Users/kevon/.rbenv/versions/2.0.0-p353/lib/ruby/gems/2.0.0/specifications/net-http-digest_auth-1.4.gemspec
I, [2014-05-19T10:26:25.925775 #28591]  INFO -- : 0:  mime-types (2.2) from /Users/kevon/.rbenv/versions/2.0.0-p353/lib/ruby/gems/2.0.0/specifications/mime-types-2.2.gemspec
I, [2014-05-19T10:26:26.206646 #28592]  INFO -- : 1:  net-http-persistent (2.9.4) from /Users/kevon/.rbenv/versions/2.0.0-p353/lib/ruby/gems/2.0.0/specifications/net-http-persistent-2.9.4.gemspec
I, [2014-05-19T10:26:26.790447 #28593]  INFO -- : 2:  mini_portile (0.6.0) from /Users/kevon/.rbenv/versions/2.0.0-p353/lib/ruby/gems/2.0.0/specifications/mini_portile-0.6.0.gemspec
I, [2014-05-19T10:26:26.792019 #28593]  INFO -- : 2:  rack (1.5.2) from /Users/kevon/.rbenv/versions/2.0.0-p353/lib/ruby/gems/2.0.0/specifications/rack-1.5.2.gemspec
I, [2014-05-19T10:26:26.794398 #28593]  INFO -- : 2:  tilt (1.4.1) from /Users/kevon/.rbenv/versions/2.0.0-p353/lib/ruby/gems/2.0.0/specifications/tilt-1.4.1.gemspec
I, [2014-05-19T10:26:26.795597 #28593]  INFO -- : 2:  bundler (1.5.1) from /Users/kevon/.rbenv/versions/2.0.0-p353/lib/ruby/gems/2.0.0/specifications/bundler-1.5.1.gemspec
I, [2014-05-19T10:26:27.515952 #28591]  INFO -- : 0:  ntlm-http (0.1.1) from /Users/kevon/.rbenv/versions/2.0.0-p353/lib/ruby/gems/2.0.0/specifications/ntlm-http-0.1.1.gemspec
I, [2014-05-19T10:26:27.950655 #28592]  INFO -- : 1:  webrobots (0.1.1) from /Users/kevon/.rbenv/versions/2.0.0-p353/lib/ruby/gems/2.0.0/specifications/webrobots-0.1.1.gemspec
I, [2014-05-19T10:26:27.952423 #28592]  INFO -- : 1:  puma (2.8.2) from /Users/kevon/.rbenv/versions/2.0.0-p353/lib/ruby/gems/2.0.0/specifications/puma-2.8.2.gemspec
I, [2014-05-19T10:26:27.953670 #28592]  INFO -- : 1:  rack-protection (1.5.3) from /Users/kevon/.rbenv/versions/2.0.0-p353/lib/ruby/gems/2.0.0/specifications/rack-protection-1.5.3.gemspec
I, [2014-05-19T10:26:27.954510 #28592]  INFO -- : 1:  sinatra (1.4.5) from /Users/kevon/.rbenv/versions/2.0.0-p353/lib/ruby/gems/2.0.0/specifications/sinatra-1.4.5.gemspec
I, [2014-05-19T10:26:29.118817 #28593]  INFO -- : 2:  unf (0.1.4) from /Users/kevon/.rbenv/versions/2.0.0-p353/lib/ruby/gems/2.0.0/specifications/unf-0.1.4.gemspec
I, [2014-05-19T10:26:31.246737 #28592]  INFO -- : 1:  domain_name (0.5.18) from /Users/kevon/.rbenv/versions/2.0.0-p353/lib/ruby/gems/2.0.0/specifications/domain_name-0.5.18.gemspec
I, [2014-05-19T10:26:33.294321 #28593]  INFO -- : 2:  http-cookie (1.0.2) from /Users/kevon/.rbenv/versions/2.0.0-p353/lib/ruby/gems/2.0.0/specifications/http-cookie-1.0.2.gemspec
I, [2014-05-19T10:28:22.875567 #28591]  INFO -- : 0:  nokogiri (1.6.2.1) from /Users/kevon/.rbenv/versions/2.0.0-p353/lib/ruby/gems/2.0.0/specifications/nokogiri-1.6.2.1.gemspec
I, [2014-05-19T10:28:25.583575 #28592]  INFO -- : 1:  mechanize (2.7.3) from /Users/kevon/.rbenv/versions/2.0.0-p353/lib/ruby/gems/2.0.0/specifications/mechanize-2.7.3.gemspec
